[2025-11-30 22:39:03,666: INFO: main: Starting the text summarization process.]
[2025-12-03 21:01:17,484: INFO: common: yaml file: config\config.yaml loaded successfully]
[2025-12-03 21:01:17,487: INFO: common: yaml file: params.yaml loaded successfully]
[2025-12-03 21:05:23,982: INFO: common: yaml file: config\config.yaml loaded successfully]
[2025-12-03 21:05:23,988: INFO: common: yaml file: params.yaml loaded successfully]
[2025-12-03 21:05:56,057: INFO: common: yaml file: config\config.yaml loaded successfully]
[2025-12-03 21:05:56,061: INFO: common: yaml file: params.yaml loaded successfully]
[2025-12-03 21:05:56,068: INFO: common: created directory at: artifacts]
[2025-12-03 21:05:56,071: INFO: common: created directory at: artifacts/data_ingestion]
[2025-12-03 21:05:58,646: INFO: 227420655: File is downloaded]
[2025-12-05 19:22:13,084: INFO: main: >>>>>> stage Data Ingestion Stage started <<<<<<]
[2025-12-05 19:22:13,084: ERROR: main: DataIngestionPipeline.__init__() missing 1 required positional argument: 'config']
Traceback (most recent call last):
  File "C:\MLOps\textsummarizer\text-summarizer\main.py", line 8, in <module>
    data_ingestion_pipeline=DataIngestionPipeline()
TypeError: DataIngestionPipeline.__init__() missing 1 required positional argument: 'config'
[2025-12-05 19:23:46,737: INFO: main: >>>>>> stage Data Ingestion Stage started <<<<<<]
[2025-12-05 19:23:46,740: INFO: common: yaml file: config\config.yaml loaded successfully]
[2025-12-05 19:23:46,740: INFO: common: yaml file: params.yaml loaded successfully]
[2025-12-05 19:23:46,740: INFO: common: created directory at: artifacts]
[2025-12-05 19:23:46,740: INFO: common: created directory at: artifacts/data_ingestion]
[2025-12-05 19:23:46,751: INFO: data_ingestion: File already exits]
[2025-12-05 19:23:46,962: INFO: main: >>>>>> stage Data Ingestion Stage completed <<<<<<

x==========x]
